---------------------------------------------------------------
[ 2017-09-15T15:43:01+08:00 ] 127.0.0.1 127.0.0.1 GET /think/public/index.php/index/index/page1.html
[ info ] www.healthy.com/think/public/index.php/index/index/page1.html [运行时间：0.360020s][吞吐率：2.78req/s] [内存消耗：1,921.06kb] [文件加载：48]
[ info ] [ LANG ] E:\GIT\kevin\think\thinkphp\lang\zh-cn.php
[ info ] [ ROUTE ] array (
  'type' => 'module',
  'module' => 
  array (
    0 => 'index',
    1 => 'index',
    2 => 'page1',
  ),
)
[ info ] [ HEADER ] array (
  'cookie' => 'PHPSESSID=39kpo569qsh7cqvq3k16j3auv1',
  'accept-language' => 'zh-CN,zh;q=0.8',
  'accept-encoding' => 'gzip, deflate',
  'accept' => 'text/html,application/xhtml+xml,application/xml;q=0.9,image/webp,image/apng,*/*;q=0.8',
  'upgrade-insecure-requests' => '1',
  'user-agent' => 'Mozilla/5.0 (Windows NT 6.1; WOW64) AppleWebKit/537.36 (KHTML, like Gecko) Chrome/62.0.3202.9 Safari/537.36',
  'connection' => 'close',
  'host' => 'www.healthy.com',
)
[ info ] [ PARAM ] array (
)
[ info ] [ RUN ] app\index\controller\Index->page1[ E:\GIT\kevin\think\application\index\controller\Index.php ]
[ info ] [ VIEW ] E:\GIT\kevin\think\public/../application/index\view\index\page1.html [ array (
) ]
[ info ] [ SESSION ] INIT array (
  'id' => '',
  'var_session_id' => 'ses',
  'prefix' => 'think',
  'type' => '',
  'auto_start' => true,
  'expire' => 66666666666,
)
[ info ] [ DB ] INIT mysql
[ info ] [ LOG ] INIT File
[ sql ] [ DB ] CONNECT:[ UseTime:0.017001s ] mysql:dbname=healthy;host=127.0.0.1;port=3306;charset=utf8
[ sql ] [ SQL ] SHOW COLUMNS FROM `user_role` [ RunTime:0.045003s ]
[ sql ] [ SQL ] SELECT * FROM `user_role` WHERE  `userId` = 1 [ RunTime:0.002000s ]
[ sql ] [ SQL ] SHOW COLUMNS FROM `role_note` [ RunTime:0.047003s ]
[ sql ] [ SQL ] SELECT * FROM `role_note` WHERE  `roleId` IN (12,1,2) [ RunTime:0.003000s ]
[ sql ] [ SQL ] SHOW COLUMNS FROM `note` [ RunTime:0.042003s ]
[ sql ] [ SQL ] SELECT * FROM `note` WHERE  `noteId` IN (5,6,4,1) [ RunTime:0.003000s ]
---------------------------------------------------------------
[ 2017-09-15T15:43:03+08:00 ] 127.0.0.1 127.0.0.1 GET /think/public/index.php/index/index/favicon.ico
[ info ] www.healthy.com/think/public/index.php/index/index/favicon.ico [运行时间：0.235013s][吞吐率：4.26req/s] [内存消耗：1,173.64kb] [文件加载：40]
[ info ] [ LANG ] E:\GIT\kevin\think\thinkphp\lang\zh-cn.php
[ info ] [ ROUTE ] array (
  'type' => 'module',
  'module' => 
  array (
    0 => 'index',
    1 => 'index',
    2 => 'favicon.ico',
  ),
)
[ info ] [ HEADER ] array (
  'cookie' => 'PHPSESSID=39kpo569qsh7cqvq3k16j3auv1',
  'accept-language' => 'zh-CN,zh;q=0.8',
  'accept-encoding' => 'gzip, deflate',
  'referer' => 'http://www.healthy.com/think/public/index.php/index/index/page1.html',
  'accept' => 'image/webp,image/apng,image/*,*/*;q=0.8',
  'user-agent' => 'Mozilla/5.0 (Windows NT 6.1; WOW64) AppleWebKit/537.36 (KHTML, like Gecko) Chrome/62.0.3202.9 Safari/537.36',
  'connection' => 'close',
  'host' => 'www.healthy.com',
)
[ info ] [ PARAM ] array (
)
[ info ] [ LOG ] INIT File
---------------------------------------------------------------
[ 2017-09-15T15:43:08+08:00 ] 127.0.0.1 127.0.0.1 GET /think/public/index.php/index/login/login_out.html
[ info ] www.healthy.com/think/public/index.php/index/login/login_out.html [运行时间：0.124007s][吞吐率：8.06req/s] [内存消耗：1,325.08kb] [文件加载：42]
[ info ] [ LANG ] E:\GIT\kevin\think\thinkphp\lang\zh-cn.php
[ info ] [ ROUTE ] array (
  'type' => 'module',
  'module' => 
  array (
    0 => 'index',
    1 => 'login',
    2 => 'login_out',
  ),
)
[ info ] [ HEADER ] array (
  'cookie' => 'PHPSESSID=39kpo569qsh7cqvq3k16j3auv1',
  'accept-language' => 'zh-CN,zh;q=0.8',
  'accept-encoding' => 'gzip, deflate',
  'referer' => 'http://www.healthy.com/think/public/index.php/index/index/page1.html',
  'accept' => 'text/html,application/xhtml+xml,application/xml;q=0.9,image/webp,image/apng,*/*;q=0.8',
  'user-agent' => 'Mozilla/5.0 (Windows NT 6.1; WOW64) AppleWebKit/537.36 (KHTML, like Gecko) Chrome/62.0.3202.9 Safari/537.36',
  'upgrade-insecure-requests' => '1',
  'connection' => 'close',
  'host' => 'www.healthy.com',
)
[ info ] [ PARAM ] array (
)
[ info ] [ RUN ] app\index\controller\Login->login_out[ E:\GIT\kevin\think\application\index\controller\Login.php ]
[ info ] [ SESSION ] INIT array (
  'id' => '',
  'var_session_id' => 'ses',
  'prefix' => 'think',
  'type' => '',
  'auto_start' => true,
  'expire' => 66666666666,
)
[ info ] [ VIEW ] E:\GIT\kevin\think\thinkphp\tpl\dispatch_jump.tpl [ array (
  0 => 'code',
  1 => 'msg',
  2 => 'data',
  3 => 'url',
  4 => 'wait',
) ]
[ info ] [ LOG ] INIT File
---------------------------------------------------------------
[ 2017-09-15T15:43:11+08:00 ] 127.0.0.1 127.0.0.1 GET /think/public/index.php/index/login/index.html
[ info ] www.healthy.com/think/public/index.php/index/login/index.html [运行时间：0.112006s][吞吐率：8.93req/s] [内存消耗：1,321.10kb] [文件加载：41]
[ info ] [ LANG ] E:\GIT\kevin\think\thinkphp\lang\zh-cn.php
[ info ] [ ROUTE ] array (
  'type' => 'module',
  'module' => 
  array (
    0 => 'index',
    1 => 'login',
    2 => 'index',
  ),
)
[ info ] [ HEADER ] array (
  'cookie' => 'PHPSESSID=39kpo569qsh7cqvq3k16j3auv1',
  'accept-language' => 'zh-CN,zh;q=0.8',
  'accept-encoding' => 'gzip, deflate',
  'referer' => 'http://www.healthy.com/think/public/index.php/index/login/login_out.html',
  'accept' => 'text/html,application/xhtml+xml,application/xml;q=0.9,image/webp,image/apng,*/*;q=0.8',
  'user-agent' => 'Mozilla/5.0 (Windows NT 6.1; WOW64) AppleWebKit/537.36 (KHTML, like Gecko) Chrome/62.0.3202.9 Safari/537.36',
  'upgrade-insecure-requests' => '1',
  'connection' => 'close',
  'host' => 'www.healthy.com',
)
[ info ] [ PARAM ] array (
)
[ info ] [ RUN ] app\index\controller\Login->index[ E:\GIT\kevin\think\application\index\controller\Login.php ]
[ info ] [ VIEW ] E:\GIT\kevin\think\public/../application/index\view\login\index.html [ array (
) ]
[ info ] [ LOG ] INIT File
---------------------------------------------------------------
[ 2017-09-15T15:43:22+08:00 ] 127.0.0.1 127.0.0.1 POST /think/public/index.php/index/login/login_add.html
[ info ] www.healthy.com/think/public/index.php/index/login/login_add.html [运行时间：0.149008s][吞吐率：6.71req/s] [内存消耗：1,804.64kb] [文件加载：47]
[ info ] [ LANG ] E:\GIT\kevin\think\thinkphp\lang\zh-cn.php
[ info ] [ ROUTE ] array (
  'type' => 'module',
  'module' => 
  array (
    0 => 'index',
    1 => 'login',
    2 => 'login_add',
  ),
)
[ info ] [ HEADER ] array (
  'cookie' => 'PHPSESSID=39kpo569qsh7cqvq3k16j3auv1',
  'accept-language' => 'zh-CN,zh;q=0.8',
  'accept-encoding' => 'gzip, deflate',
  'referer' => 'http://www.healthy.com/think/public/index.php/index/login/index.html',
  'accept' => 'text/html,application/xhtml+xml,application/xml;q=0.9,image/webp,image/apng,*/*;q=0.8',
  'user-agent' => 'Mozilla/5.0 (Windows NT 6.1; WOW64) AppleWebKit/537.36 (KHTML, like Gecko) Chrome/62.0.3202.9 Safari/537.36',
  'content-type' => 'application/x-www-form-urlencoded',
  'upgrade-insecure-requests' => '1',
  'origin' => 'http://www.healthy.com',
  'cache-control' => 'max-age=0',
  'content-length' => '169',
  'connection' => 'close',
  'host' => 'www.healthy.com',
)
[ info ] [ PARAM ] array (
  '__RequestVerificationToken' => 'fkfh8D89BFqTdrE2iiSdG_L781RSRtdWOH411poVUWhxzA5MzI8es07g6KPYQh9Log-xf84pIR2RIAEkOokZL3Ee3UKmX0Jc8bW8jOdhqo81',
  'userName' => 'KevinJia',
  'password' => '514553',
)
[ info ] [ RUN ] app\index\controller\Login->login_add[ E:\GIT\kevin\think\application\index\controller\Login.php ]
[ info ] [ DB ] INIT mysql
[ info ] [ SESSION ] INIT array (
  'id' => '',
  'var_session_id' => 'ses',
  'prefix' => 'think',
  'type' => '',
  'auto_start' => true,
  'expire' => 66666666666,
)
[ info ] [ VIEW ] E:\GIT\kevin\think\thinkphp\tpl\dispatch_jump.tpl [ array (
  0 => 'code',
  1 => 'msg',
  2 => 'data',
  3 => 'url',
  4 => 'wait',
) ]
[ info ] [ LOG ] INIT File
[ sql ] [ DB ] CONNECT:[ UseTime:0.003000s ] mysql:dbname=healthy;host=127.0.0.1;port=3306;charset=utf8
[ sql ] [ SQL ] SHOW COLUMNS FROM `user` [ RunTime:0.031002s ]
[ sql ] [ SQL ] SELECT * FROM `user` WHERE  `nickname` = 'KevinJia'  AND `password` = '41765b59e5ec96f1dba52daada81b13c' LIMIT 1 [ RunTime:0.002000s ]
---------------------------------------------------------------
[ 2017-09-15T15:43:26+08:00 ] 127.0.0.1 127.0.0.1 GET /think/public/index.php/index/index/page1.html
[ info ] www.healthy.com/think/public/index.php/index/index/page1.html [运行时间：0.296017s][吞吐率：3.38req/s] [内存消耗：1,799.41kb] [文件加载：46]
[ info ] [ LANG ] E:\GIT\kevin\think\thinkphp\lang\zh-cn.php
[ info ] [ ROUTE ] array (
  'type' => 'module',
  'module' => 
  array (
    0 => 'index',
    1 => 'index',
    2 => 'page1',
  ),
)
[ info ] [ HEADER ] array (
  'cookie' => 'PHPSESSID=39kpo569qsh7cqvq3k16j3auv1',
  'accept-language' => 'zh-CN,zh;q=0.8',
  'accept-encoding' => 'gzip, deflate',
  'referer' => 'http://www.healthy.com/think/public/index.php/index/login/login_add.html',
  'accept' => 'text/html,application/xhtml+xml,application/xml;q=0.9,image/webp,image/apng,*/*;q=0.8',
  'user-agent' => 'Mozilla/5.0 (Windows NT 6.1; WOW64) AppleWebKit/537.36 (KHTML, like Gecko) Chrome/62.0.3202.9 Safari/537.36',
  'upgrade-insecure-requests' => '1',
  'connection' => 'close',
  'host' => 'www.healthy.com',
)
[ info ] [ PARAM ] array (
)
[ info ] [ RUN ] app\index\controller\Index->page1[ E:\GIT\kevin\think\application\index\controller\Index.php ]
[ info ] [ VIEW ] E:\GIT\kevin\think\public/../application/index\view\index\page1.html [ array (
) ]
[ info ] [ SESSION ] INIT array (
  'id' => '',
  'var_session_id' => 'ses',
  'prefix' => 'think',
  'type' => '',
  'auto_start' => true,
  'expire' => 66666666666,
)
[ info ] [ DB ] INIT mysql
[ info ] [ LOG ] INIT File
[ sql ] [ DB ] CONNECT:[ UseTime:0.005001s ] mysql:dbname=healthy;host=127.0.0.1;port=3306;charset=utf8
[ sql ] [ SQL ] SHOW COLUMNS FROM `user_role` [ RunTime:0.031002s ]
[ sql ] [ SQL ] SELECT * FROM `user_role` WHERE  `userId` = 1 [ RunTime:0.010000s ]
[ sql ] [ SQL ] SHOW COLUMNS FROM `role_note` [ RunTime:0.053003s ]
[ sql ] [ SQL ] SELECT * FROM `role_note` WHERE  `roleId` IN (12,1,2) [ RunTime:0.004001s ]
[ sql ] [ SQL ] SHOW COLUMNS FROM `note` [ RunTime:0.042002s ]
[ sql ] [ SQL ] SELECT * FROM `note` WHERE  `noteId` IN (5,6,4,1) [ RunTime:0.002000s ]
